<?xml version="1.0" encoding="UTF-8"?>
<robot generator="Robot 6.1 (Python 3.11.3 on win32)" generated="20231208 10:08:36.378" rpa="false" schemaversion="4">
<suite id="s1" name="LaunchApplication" source="E:\Appium\Ndax\Pages\LaunchApplication.robot">
<test id="s1-t1" name="Open Application" line="16">
<kw name="Open Application" library="AppiumLibrary">
<arg>${APPIUM_SERVER_URL}</arg>
<arg>automationName=${AUTOMATION_NAME}</arg>
<arg>platformName=${PLATFORM_NAME}</arg>
<arg>deviceName=${DEVICE_NAME}</arg>
<arg>appPackage=${APP_PACKAGE}</arg>
<arg>appActivity=${APP_ACTIVITY}</arg>
<doc>Opens a new application to given Appium server.
Capabilities of appium server, Android and iOS,
Please check https://github.com/appium/appium/blob/master/docs/en/writing-running-appium/server-args.md
| *Option*            | *Man.* | *Description*     |
| remote_url          | Yes    | Appium server url |
| alias               | no     | alias             |
| strict_ssl          | No     | allows you to send commands to an invalid certificate host like a self-signed one. |</doc>
<status status="PASS" starttime="20231208 10:08:36.933" endtime="20231208 10:08:47.080"/>
</kw>
<status status="PASS" starttime="20231208 10:08:36.932" endtime="20231208 10:08:47.082"/>
</test>
<status status="PASS" starttime="20231208 10:08:36.381" endtime="20231208 10:08:47.087"/>
</suite>
<statistics>
<total>
<stat pass="1" fail="0" skip="0">All Tests</stat>
</total>
<tag>
</tag>
<suite>
<stat pass="1" fail="0" skip="0" id="s1" name="LaunchApplication">LaunchApplication</stat>
</suite>
</statistics>
<errors>
</errors>
</robot>
